Thu, 24 Mar 2016 15:48:26 +0000 [ip-172-30-0-232.eu-west-1.compute.internal 31613][Tera-WURFL] WARNING: I could not find the requested capability (is_wireless_device), returning NULL
Thu, 24 Mar 2016 15:48:26 +0000 [ip-172-30-0-232.eu-west-1.compute.internal 31613][Tera-WURFL] WARNING: I could not find the requested capability (is_smarttv), returning NULL
Thu, 24 Mar 2016 15:48:26 +0000 [ip-172-30-0-232.eu-west-1.compute.internal 31613][Tera-WURFL] WARNING: I could not find the requested capability (is_tablet), returning NULL
Thu, 24 Mar 2016 15:48:26 +0000 [ip-172-30-0-232.eu-west-1.compute.internal 31613][Tera-WURFL] WARNING: I could not find the requested capability (can_assign_phone_number), returning NULL
Thu, 24 Mar 2016 15:48:35 +0000 [ip-172-30-0-232.eu-west-1.compute.internal 31674][Tera-WURFL] WARNING: I could not find the requested capability (is_wireless_device), returning NULL
Thu, 24 Mar 2016 15:48:35 +0000 [ip-172-30-0-232.eu-west-1.compute.internal 31674][Tera-WURFL] WARNING: I could not find the requested capability (is_smarttv), returning NULL
Thu, 24 Mar 2016 15:48:35 +0000 [ip-172-30-0-232.eu-west-1.compute.internal 31674][Tera-WURFL] WARNING: I could not find the requested capability (is_tablet), returning NULL
Thu, 24 Mar 2016 15:48:35 +0000 [ip-172-30-0-232.eu-west-1.compute.internal 31674][Tera-WURFL] WARNING: I could not find the requested capability (can_assign_phone_number), returning NULL
Thu, 24 Mar 2016 15:48:38 +0000 [ip-172-30-0-232.eu-west-1.compute.internal 31678][Tera-WURFL] WARNING: I could not find the requested capability (is_wireless_device), returning NULL
Thu, 24 Mar 2016 15:48:38 +0000 [ip-172-30-0-232.eu-west-1.compute.internal 31678][Tera-WURFL] WARNING: I could not find the requested capability (is_smarttv), returning NULL
Thu, 24 Mar 2016 15:48:38 +0000 [ip-172-30-0-232.eu-west-1.compute.internal 31678][Tera-WURFL] WARNING: I could not find the requested capability (is_tablet), returning NULL
Thu, 24 Mar 2016 15:48:38 +0000 [ip-172-30-0-232.eu-west-1.compute.internal 31678][Tera-WURFL] WARNING: I could not find the requested capability (can_assign_phone_number), returning NULL
Thu, 24 Mar 2016 15:48:39 +0000 [ip-172-30-0-232.eu-west-1.compute.internal 31681][Tera-WURFL] WARNING: I could not find the requested capability (is_wireless_device), returning NULL
Thu, 24 Mar 2016 15:48:39 +0000 [ip-172-30-0-232.eu-west-1.compute.internal 31681][Tera-WURFL] WARNING: I could not find the requested capability (is_smarttv), returning NULL
Thu, 24 Mar 2016 15:48:39 +0000 [ip-172-30-0-232.eu-west-1.compute.internal 31681][Tera-WURFL] WARNING: I could not find the requested capability (is_tablet), returning NULL
Thu, 24 Mar 2016 15:48:39 +0000 [ip-172-30-0-232.eu-west-1.compute.internal 31681][Tera-WURFL] WARNING: I could not find the requested capability (can_assign_phone_number), returning NULL
Thu, 24 Mar 2016 15:48:39 +0000 [ip-172-30-0-232.eu-west-1.compute.internal 31679][Tera-WURFL] WARNING: I could not find the requested capability (is_wireless_device), returning NULL
Thu, 24 Mar 2016 15:48:39 +0000 [ip-172-30-0-232.eu-west-1.compute.internal 31679][Tera-WURFL] WARNING: I could not find the requested capability (is_smarttv), returning NULL
Thu, 24 Mar 2016 15:48:39 +0000 [ip-172-30-0-232.eu-west-1.compute.internal 31679][Tera-WURFL] WARNING: I could not find the requested capability (is_tablet), returning NULL
Thu, 24 Mar 2016 15:48:39 +0000 [ip-172-30-0-232.eu-west-1.compute.internal 31679][Tera-WURFL] WARNING: I could not find the requested capability (can_assign_phone_number), returning NULL
Thu, 24 Mar 2016 15:48:39 +0000 [ip-172-30-0-232.eu-west-1.compute.internal 31680][Tera-WURFL] WARNING: I could not find the requested capability (is_wireless_device), returning NULL
Thu, 24 Mar 2016 15:48:39 +0000 [ip-172-30-0-232.eu-west-1.compute.internal 31680][Tera-WURFL] WARNING: I could not find the requested capability (is_smarttv), returning NULL
Thu, 24 Mar 2016 15:48:39 +0000 [ip-172-30-0-232.eu-west-1.compute.internal 31680][Tera-WURFL] WARNING: I could not find the requested capability (is_tablet), returning NULL
Thu, 24 Mar 2016 15:48:39 +0000 [ip-172-30-0-232.eu-west-1.compute.internal 31680][Tera-WURFL] WARNING: I could not find the requested capability (can_assign_phone_number), returning NULL
Thu, 24 Mar 2016 15:48:39 +0000 [ip-172-30-0-232.eu-west-1.compute.internal 31682][Tera-WURFL] WARNING: I could not find the requested capability (is_wireless_device), returning NULL
Thu, 24 Mar 2016 15:48:39 +0000 [ip-172-30-0-232.eu-west-1.compute.internal 31682][Tera-WURFL] WARNING: I could not find the requested capability (is_smarttv), returning NULL
Thu, 24 Mar 2016 15:48:39 +0000 [ip-172-30-0-232.eu-west-1.compute.internal 31682][Tera-WURFL] WARNING: I could not find the requested capability (is_tablet), returning NULL
Thu, 24 Mar 2016 15:48:39 +0000 [ip-172-30-0-232.eu-west-1.compute.internal 31682][Tera-WURFL] WARNING: I could not find the requested capability (can_assign_phone_number), returning NULL
Thu, 24 Mar 2016 15:48:40 +0000 [ip-172-30-0-232.eu-west-1.compute.internal 31683][Tera-WURFL] WARNING: I could not find the requested capability (is_wireless_device), returning NULL
Thu, 24 Mar 2016 15:48:40 +0000 [ip-172-30-0-232.eu-west-1.compute.internal 31683][Tera-WURFL] WARNING: I could not find the requested capability (is_smarttv), returning NULL
Thu, 24 Mar 2016 15:48:40 +0000 [ip-172-30-0-232.eu-west-1.compute.internal 31683][Tera-WURFL] WARNING: I could not find the requested capability (is_tablet), returning NULL
Thu, 24 Mar 2016 15:48:40 +0000 [ip-172-30-0-232.eu-west-1.compute.internal 31683][Tera-WURFL] WARNING: I could not find the requested capability (can_assign_phone_number), returning NULL
Thu, 24 Mar 2016 15:48:40 +0000 [ip-172-30-0-232.eu-west-1.compute.internal 31684][Tera-WURFL] WARNING: I could not find the requested capability (is_wireless_device), returning NULL
Thu, 24 Mar 2016 15:48:40 +0000 [ip-172-30-0-232.eu-west-1.compute.internal 31684][Tera-WURFL] WARNING: I could not find the requested capability (is_smarttv), returning NULL
Thu, 24 Mar 2016 15:48:40 +0000 [ip-172-30-0-232.eu-west-1.compute.internal 31684][Tera-WURFL] WARNING: I could not find the requested capability (is_tablet), returning NULL
Thu, 24 Mar 2016 15:48:40 +0000 [ip-172-30-0-232.eu-west-1.compute.internal 31684][Tera-WURFL] WARNING: I could not find the requested capability (can_assign_phone_number), returning NULL
Thu, 24 Mar 2016 15:48:40 +0000 [ip-172-30-0-232.eu-west-1.compute.internal 31688][Tera-WURFL] WARNING: I could not find the requested capability (is_wireless_device), returning NULL
Thu, 24 Mar 2016 15:48:40 +0000 [ip-172-30-0-232.eu-west-1.compute.internal 31688][Tera-WURFL] WARNING: I could not find the requested capability (is_smarttv), returning NULL
Thu, 24 Mar 2016 15:48:40 +0000 [ip-172-30-0-232.eu-west-1.compute.internal 31688][Tera-WURFL] WARNING: I could not find the requested capability (is_tablet), returning NULL
Thu, 24 Mar 2016 15:48:40 +0000 [ip-172-30-0-232.eu-west-1.compute.internal 31688][Tera-WURFL] WARNING: I could not find the requested capability (can_assign_phone_number), returning NULL
Thu, 24 Mar 2016 15:48:40 +0000 [ip-172-30-0-232.eu-west-1.compute.internal 31636][Tera-WURFL] WARNING: I could not find the requested capability (is_wireless_device), returning NULL
Thu, 24 Mar 2016 15:48:40 +0000 [ip-172-30-0-232.eu-west-1.compute.internal 31636][Tera-WURFL] WARNING: I could not find the requested capability (is_smarttv), returning NULL
Thu, 24 Mar 2016 15:48:40 +0000 [ip-172-30-0-232.eu-west-1.compute.internal 31636][Tera-WURFL] WARNING: I could not find the requested capability (is_tablet), returning NULL
Thu, 24 Mar 2016 15:48:40 +0000 [ip-172-30-0-232.eu-west-1.compute.internal 31636][Tera-WURFL] WARNING: I could not find the requested capability (can_assign_phone_number), returning NULL
Thu, 24 Mar 2016 15:48:40 +0000 [ip-172-30-0-232.eu-west-1.compute.internal 31686][Tera-WURFL] WARNING: I could not find the requested capability (is_wireless_device), returning NULL
Thu, 24 Mar 2016 15:48:40 +0000 [ip-172-30-0-232.eu-west-1.compute.internal 31686][Tera-WURFL] WARNING: I could not find the requested capability (is_smarttv), returning NULL
Thu, 24 Mar 2016 15:48:40 +0000 [ip-172-30-0-232.eu-west-1.compute.internal 31686][Tera-WURFL] WARNING: I could not find the requested capability (is_tablet), returning NULL
Thu, 24 Mar 2016 15:48:40 +0000 [ip-172-30-0-232.eu-west-1.compute.internal 31686][Tera-WURFL] WARNING: I could not find the requested capability (can_assign_phone_number), returning NULL
Thu, 24 Mar 2016 15:49:10 +0000 [ip-172-30-0-232.eu-west-1.compute.internal 31411][Tera-WURFL] WARNING: I could not find the requested capability (is_wireless_device), returning NULL
Thu, 24 Mar 2016 15:49:10 +0000 [ip-172-30-0-232.eu-west-1.compute.internal 31411][Tera-WURFL] WARNING: I could not find the requested capability (is_smarttv), returning NULL
Thu, 24 Mar 2016 15:49:10 +0000 [ip-172-30-0-232.eu-west-1.compute.internal 31411][Tera-WURFL] WARNING: I could not find the requested capability (is_tablet), returning NULL
Thu, 24 Mar 2016 15:49:10 +0000 [ip-172-30-0-232.eu-west-1.compute.internal 31411][Tera-WURFL] WARNING: I could not find the requested capability (can_assign_phone_number), returning NULL
Mon, 18 Apr 2016 10:09:56 +0000 [ip-172-30-0-232.eu-west-1.compute.internal 14321][Tera-WURFL] WARNING: I could not find the requested capability (is_wireless_device), returning NULL
Mon, 18 Apr 2016 10:09:56 +0000 [ip-172-30-0-232.eu-west-1.compute.internal 14321][Tera-WURFL] WARNING: I could not find the requested capability (is_smarttv), returning NULL
Mon, 18 Apr 2016 10:09:56 +0000 [ip-172-30-0-232.eu-west-1.compute.internal 14321][Tera-WURFL] WARNING: I could not find the requested capability (is_tablet), returning NULL
Mon, 18 Apr 2016 10:09:56 +0000 [ip-172-30-0-232.eu-west-1.compute.internal 14321][Tera-WURFL] WARNING: I could not find the requested capability (can_assign_phone_number), returning NULL
Mon, 18 Apr 2016 10:10:18 +0000 [ip-172-30-0-232.eu-west-1.compute.internal 13340][Tera-WURFL] WARNING: I could not find the requested capability (is_wireless_device), returning NULL
Mon, 18 Apr 2016 10:10:18 +0000 [ip-172-30-0-232.eu-west-1.compute.internal 13340][Tera-WURFL] WARNING: I could not find the requested capability (is_smarttv), returning NULL
Mon, 18 Apr 2016 10:10:18 +0000 [ip-172-30-0-232.eu-west-1.compute.internal 13340][Tera-WURFL] WARNING: I could not find the requested capability (is_tablet), returning NULL
Mon, 18 Apr 2016 10:10:18 +0000 [ip-172-30-0-232.eu-west-1.compute.internal 13340][Tera-WURFL] WARNING: I could not find the requested capability (can_assign_phone_number), returning NULL
Mon, 18 Apr 2016 10:10:39 +0000 [ip-172-30-0-232.eu-west-1.compute.internal 13109][Tera-WURFL] WARNING: I could not find the requested capability (is_wireless_device), returning NULL
Mon, 18 Apr 2016 10:10:39 +0000 [ip-172-30-0-232.eu-west-1.compute.internal 13109][Tera-WURFL] WARNING: I could not find the requested capability (is_smarttv), returning NULL
Mon, 18 Apr 2016 10:10:39 +0000 [ip-172-30-0-232.eu-west-1.compute.internal 13109][Tera-WURFL] WARNING: I could not find the requested capability (is_tablet), returning NULL
Mon, 18 Apr 2016 10:10:39 +0000 [ip-172-30-0-232.eu-west-1.compute.internal 13109][Tera-WURFL] WARNING: I could not find the requested capability (can_assign_phone_number), returning NULL
Mon, 18 Apr 2016 10:11:18 +0000 [ip-172-30-0-232.eu-west-1.compute.internal 14320][Tera-WURFL] WARNING: I could not find the requested capability (is_wireless_device), returning NULL
Mon, 18 Apr 2016 10:11:18 +0000 [ip-172-30-0-232.eu-west-1.compute.internal 14320][Tera-WURFL] WARNING: I could not find the requested capability (is_smarttv), returning NULL
Mon, 18 Apr 2016 10:11:18 +0000 [ip-172-30-0-232.eu-west-1.compute.internal 14320][Tera-WURFL] WARNING: I could not find the requested capability (is_tablet), returning NULL
Mon, 18 Apr 2016 10:11:18 +0000 [ip-172-30-0-232.eu-west-1.compute.internal 14320][Tera-WURFL] WARNING: I could not find the requested capability (can_assign_phone_number), returning NULL
Mon, 18 Apr 2016 10:11:20 +0000 [ip-172-30-0-232.eu-west-1.compute.internal 14320][Tera-WURFL] WARNING: I could not find the requested capability (is_wireless_device), returning NULL
Mon, 18 Apr 2016 10:11:20 +0000 [ip-172-30-0-232.eu-west-1.compute.internal 14320][Tera-WURFL] WARNING: I could not find the requested capability (is_smarttv), returning NULL
Mon, 18 Apr 2016 10:11:20 +0000 [ip-172-30-0-232.eu-west-1.compute.internal 14320][Tera-WURFL] WARNING: I could not find the requested capability (is_tablet), returning NULL
Mon, 18 Apr 2016 10:11:20 +0000 [ip-172-30-0-232.eu-west-1.compute.internal 14320][Tera-WURFL] WARNING: I could not find the requested capability (can_assign_phone_number), returning NULL
Mon, 18 Apr 2016 10:11:21 +0000 [ip-172-30-0-232.eu-west-1.compute.internal 14320][Tera-WURFL] WARNING: I could not find the requested capability (is_wireless_device), returning NULL
Mon, 18 Apr 2016 10:11:21 +0000 [ip-172-30-0-232.eu-west-1.compute.internal 14320][Tera-WURFL] WARNING: I could not find the requested capability (is_smarttv), returning NULL
Mon, 18 Apr 2016 10:11:21 +0000 [ip-172-30-0-232.eu-west-1.compute.internal 14320][Tera-WURFL] WARNING: I could not find the requested capability (is_tablet), returning NULL
Mon, 18 Apr 2016 10:11:21 +0000 [ip-172-30-0-232.eu-west-1.compute.internal 14320][Tera-WURFL] WARNING: I could not find the requested capability (can_assign_phone_number), returning NULL
Mon, 18 Apr 2016 10:11:23 +0000 [ip-172-30-0-232.eu-west-1.compute.internal 14320][Tera-WURFL] WARNING: I could not find the requested capability (is_wireless_device), returning NULL
Mon, 18 Apr 2016 10:11:23 +0000 [ip-172-30-0-232.eu-west-1.compute.internal 14320][Tera-WURFL] WARNING: I could not find the requested capability (is_smarttv), returning NULL
Mon, 18 Apr 2016 10:11:23 +0000 [ip-172-30-0-232.eu-west-1.compute.internal 14320][Tera-WURFL] WARNING: I could not find the requested capability (is_tablet), returning NULL
Mon, 18 Apr 2016 10:11:23 +0000 [ip-172-30-0-232.eu-west-1.compute.internal 14320][Tera-WURFL] WARNING: I could not find the requested capability (can_assign_phone_number), returning NULL
Mon, 18 Apr 2016 10:12:01 +0000 [ip-172-30-0-232.eu-west-1.compute.internal 15453][Tera-WURFL] WARNING: I could not find the requested capability (is_wireless_device), returning NULL
Mon, 18 Apr 2016 10:12:01 +0000 [ip-172-30-0-232.eu-west-1.compute.internal 15453][Tera-WURFL] WARNING: I could not find the requested capability (is_smarttv), returning NULL
Mon, 18 Apr 2016 10:12:01 +0000 [ip-172-30-0-232.eu-west-1.compute.internal 15453][Tera-WURFL] WARNING: I could not find the requested capability (is_tablet), returning NULL
Mon, 18 Apr 2016 10:12:01 +0000 [ip-172-30-0-232.eu-west-1.compute.internal 15453][Tera-WURFL] WARNING: I could not find the requested capability (can_assign_phone_number), returning NULL
Mon, 18 Apr 2016 10:12:19 +0000 [ip-172-30-0-232.eu-west-1.compute.internal 14320][Tera-WURFL] WARNING: I could not find the requested capability (is_wireless_device), returning NULL
Mon, 18 Apr 2016 10:12:19 +0000 [ip-172-30-0-232.eu-west-1.compute.internal 14320][Tera-WURFL] WARNING: I could not find the requested capability (is_smarttv), returning NULL
Mon, 18 Apr 2016 10:12:19 +0000 [ip-172-30-0-232.eu-west-1.compute.internal 14320][Tera-WURFL] WARNING: I could not find the requested capability (is_tablet), returning NULL
Mon, 18 Apr 2016 10:12:19 +0000 [ip-172-30-0-232.eu-west-1.compute.internal 14320][Tera-WURFL] WARNING: I could not find the requested capability (can_assign_phone_number), returning NULL
Mon, 18 Apr 2016 10:21:38 +0000 [ip-172-30-0-232.eu-west-1.compute.internal 15997][Tera-WURFL] WARNING: I could not find the requested capability (is_wireless_device), returning NULL
Mon, 18 Apr 2016 10:21:38 +0000 [ip-172-30-0-232.eu-west-1.compute.internal 15997][Tera-WURFL] WARNING: I could not find the requested capability (is_smarttv), returning NULL
Mon, 18 Apr 2016 10:21:38 +0000 [ip-172-30-0-232.eu-west-1.compute.internal 15997][Tera-WURFL] WARNING: I could not find the requested capability (is_tablet), returning NULL
Mon, 18 Apr 2016 10:21:38 +0000 [ip-172-30-0-232.eu-west-1.compute.internal 15997][Tera-WURFL] WARNING: I could not find the requested capability (can_assign_phone_number), returning NULL
Mon, 18 Apr 2016 10:22:57 +0000 [ip-172-30-0-232.eu-west-1.compute.internal 16037][Tera-WURFL] WARNING: I could not find the requested capability (is_wireless_device), returning NULL
Mon, 18 Apr 2016 10:22:57 +0000 [ip-172-30-0-232.eu-west-1.compute.internal 16037][Tera-WURFL] WARNING: I could not find the requested capability (is_smarttv), returning NULL
Mon, 18 Apr 2016 10:22:57 +0000 [ip-172-30-0-232.eu-west-1.compute.internal 16037][Tera-WURFL] WARNING: I could not find the requested capability (is_tablet), returning NULL
Mon, 18 Apr 2016 10:22:57 +0000 [ip-172-30-0-232.eu-west-1.compute.internal 16037][Tera-WURFL] WARNING: I could not find the requested capability (can_assign_phone_number), returning NULL
Thu, 05 May 2016 11:29:48 +0000 [rubber4roofs.co.uk 1706][Tera-WURFL] WARNING: I could not find the requested capability (is_wireless_device), returning NULL
Thu, 05 May 2016 11:29:48 +0000 [rubber4roofs.co.uk 1706][Tera-WURFL] WARNING: I could not find the requested capability (is_smarttv), returning NULL
Thu, 05 May 2016 11:29:48 +0000 [rubber4roofs.co.uk 1706][Tera-WURFL] WARNING: I could not find the requested capability (is_tablet), returning NULL
Thu, 05 May 2016 11:29:48 +0000 [rubber4roofs.co.uk 1706][Tera-WURFL] WARNING: I could not find the requested capability (can_assign_phone_number), returning NULL
Thu, 05 May 2016 11:31:05 +0000 [rubber4roofs.co.uk 1886][Tera-WURFL] WARNING: I could not find the requested capability (is_wireless_device), returning NULL
Thu, 05 May 2016 11:31:05 +0000 [rubber4roofs.co.uk 1886][Tera-WURFL] WARNING: I could not find the requested capability (is_smarttv), returning NULL
Thu, 05 May 2016 11:31:05 +0000 [rubber4roofs.co.uk 1886][Tera-WURFL] WARNING: I could not find the requested capability (is_tablet), returning NULL
Thu, 05 May 2016 11:31:05 +0000 [rubber4roofs.co.uk 1886][Tera-WURFL] WARNING: I could not find the requested capability (can_assign_phone_number), returning NULL
Thu, 05 May 2016 11:31:07 +0000 [rubber4roofs.co.uk 1661][Tera-WURFL] WARNING: I could not find the requested capability (is_wireless_device), returning NULL
Thu, 05 May 2016 11:31:07 +0000 [rubber4roofs.co.uk 1661][Tera-WURFL] WARNING: I could not find the requested capability (is_smarttv), returning NULL
Thu, 05 May 2016 11:31:07 +0000 [rubber4roofs.co.uk 1661][Tera-WURFL] WARNING: I could not find the requested capability (is_tablet), returning NULL
Thu, 05 May 2016 11:31:07 +0000 [rubber4roofs.co.uk 1661][Tera-WURFL] WARNING: I could not find the requested capability (can_assign_phone_number), returning NULL
Thu, 05 May 2016 11:31:08 +0000 [rubber4roofs.co.uk 1747][Tera-WURFL] WARNING: I could not find the requested capability (is_wireless_device), returning NULL
Thu, 05 May 2016 11:31:08 +0000 [rubber4roofs.co.uk 1747][Tera-WURFL] WARNING: I could not find the requested capability (is_smarttv), returning NULL
Thu, 05 May 2016 11:31:08 +0000 [rubber4roofs.co.uk 1747][Tera-WURFL] WARNING: I could not find the requested capability (is_tablet), returning NULL
Thu, 05 May 2016 11:31:08 +0000 [rubber4roofs.co.uk 1747][Tera-WURFL] WARNING: I could not find the requested capability (can_assign_phone_number), returning NULL
Thu, 05 May 2016 11:31:41 +0000 [rubber4roofs.co.uk 1709][Tera-WURFL] WARNING: I could not find the requested capability (is_wireless_device), returning NULL
Thu, 05 May 2016 11:31:41 +0000 [rubber4roofs.co.uk 1709][Tera-WURFL] WARNING: I could not find the requested capability (is_smarttv), returning NULL
Thu, 05 May 2016 11:31:41 +0000 [rubber4roofs.co.uk 1709][Tera-WURFL] WARNING: I could not find the requested capability (is_tablet), returning NULL
Thu, 05 May 2016 11:31:41 +0000 [rubber4roofs.co.uk 1709][Tera-WURFL] WARNING: I could not find the requested capability (can_assign_phone_number), returning NULL
Thu, 05 May 2016 11:31:42 +0000 [rubber4roofs.co.uk 1709][Tera-WURFL] WARNING: I could not find the requested capability (is_wireless_device), returning NULL
Thu, 05 May 2016 11:31:42 +0000 [rubber4roofs.co.uk 1709][Tera-WURFL] WARNING: I could not find the requested capability (is_smarttv), returning NULL
Thu, 05 May 2016 11:31:42 +0000 [rubber4roofs.co.uk 1709][Tera-WURFL] WARNING: I could not find the requested capability (is_tablet), returning NULL
Thu, 05 May 2016 11:31:42 +0000 [rubber4roofs.co.uk 1709][Tera-WURFL] WARNING: I could not find the requested capability (can_assign_phone_number), returning NULL
Fri, 20 May 2016 08:55:02 +0000 [glados.localdomain 5299][Tera-WURFL] WARNING: I could not find the requested capability (is_smarttv), returning NULL
Fri, 20 May 2016 08:55:14 +0000 [glados.localdomain 1941][Tera-WURFL] WARNING: I could not find the requested capability (is_smarttv), returning NULL
Fri, 20 May 2016 08:55:23 +0000 [glados.localdomain 1942][Tera-WURFL] WARNING: I could not find the requested capability (is_smarttv), returning NULL
Fri, 20 May 2016 08:55:28 +0000 [glados.localdomain 4082][Tera-WURFL] WARNING: I could not find the requested capability (is_smarttv), returning NULL
Fri, 20 May 2016 08:55:29 +0000 [glados.localdomain 1940][Tera-WURFL] WARNING: I could not find the requested capability (is_smarttv), returning NULL
Fri, 20 May 2016 08:55:30 +0000 [glados.localdomain 5302][Tera-WURFL] WARNING: I could not find the requested capability (is_smarttv), returning NULL
Fri, 20 May 2016 08:55:32 +0000 [glados.localdomain 5303][Tera-WURFL] WARNING: I could not find the requested capability (is_smarttv), returning NULL
Fri, 20 May 2016 08:55:38 +0000 [glados.localdomain 1945][Tera-WURFL] WARNING: I could not find the requested capability (is_smarttv), returning NULL
Fri, 20 May 2016 08:55:44 +0000 [glados.localdomain 5667][Tera-WURFL] WARNING: I could not find the requested capability (is_smarttv), returning NULL
Fri, 20 May 2016 08:56:20 +0000 [glados.localdomain 1941][Tera-WURFL] WARNING: I could not find the requested capability (is_smarttv), returning NULL
Fri, 20 May 2016 08:56:22 +0000 [glados.localdomain 5299][Tera-WURFL] WARNING: I could not find the requested capability (is_smarttv), returning NULL
Fri, 20 May 2016 08:56:55 +0000 [glados.localdomain 1945][Tera-WURFL] WARNING: I could not find the requested capability (is_smarttv), returning NULL
Fri, 20 May 2016 08:57:01 +0000 [glados.localdomain 5699][Tera-WURFL] WARNING: I could not find the requested capability (is_smarttv), returning NULL
Fri, 20 May 2016 08:57:04 +0000 [glados.localdomain 1941][Tera-WURFL] WARNING: I could not find the requested capability (is_smarttv), returning NULL
Fri, 20 May 2016 08:57:07 +0000 [glados.localdomain 1941][Tera-WURFL] WARNING: I could not find the requested capability (is_smarttv), returning NULL
Fri, 20 May 2016 08:57:08 +0000 [glados.localdomain 5699][Tera-WURFL] WARNING: I could not find the requested capability (is_smarttv), returning NULL
Fri, 20 May 2016 08:57:08 +0000 [glados.localdomain 1947][Tera-WURFL] WARNING: I could not find the requested capability (is_smarttv), returning NULL
Fri, 20 May 2016 08:57:08 +0000 [glados.localdomain 1941][Tera-WURFL] WARNING: I could not find the requested capability (is_smarttv), returning NULL
Fri, 20 May 2016 08:57:19 +0000 [glados.localdomain 5682][Tera-WURFL] WARNING: I could not find the requested capability (is_smarttv), returning NULL
Fri, 20 May 2016 08:57:21 +0000 [glados.localdomain 1945][Tera-WURFL] WARNING: I could not find the requested capability (is_smarttv), returning NULL
Fri, 20 May 2016 08:57:21 +0000 [glados.localdomain 5682][Tera-WURFL] WARNING: I could not find the requested capability (is_smarttv), returning NULL
Fri, 20 May 2016 08:57:22 +0000 [glados.localdomain 5698][Tera-WURFL] WARNING: I could not find the requested capability (is_smarttv), returning NULL
Fri, 20 May 2016 08:57:22 +0000 [glados.localdomain 5692][Tera-WURFL] WARNING: I could not find the requested capability (is_smarttv), returning NULL
Fri, 20 May 2016 08:57:23 +0000 [glados.localdomain 5781][Tera-WURFL] WARNING: I could not find the requested capability (is_smarttv), returning NULL
Fri, 20 May 2016 08:57:23 +0000 [glados.localdomain 1945][Tera-WURFL] WARNING: I could not find the requested capability (is_smarttv), returning NULL
Fri, 20 May 2016 08:57:48 +0000 [glados.localdomain 5699][Tera-WURFL] WARNING: I could not find the requested capability (is_smarttv), returning NULL
Fri, 20 May 2016 08:57:51 +0000 [glados.localdomain 5781][Tera-WURFL] WARNING: I could not find the requested capability (is_smarttv), returning NULL
Fri, 20 May 2016 08:58:01 +0000 [glados.localdomain 1941][Tera-WURFL] WARNING: I could not find the requested capability (is_smarttv), returning NULL
Fri, 20 May 2016 08:58:02 +0000 [glados.localdomain 5682][Tera-WURFL] WARNING: I could not find the requested capability (is_smarttv), returning NULL
Fri, 20 May 2016 08:58:53 +0000 [glados.localdomain 6059][Tera-WURFL] WARNING: I could not find the requested capability (is_smarttv), returning NULL
Fri, 20 May 2016 08:58:54 +0000 [glados.localdomain 6059][Tera-WURFL] WARNING: I could not find the requested capability (is_smarttv), returning NULL
Fri, 20 May 2016 08:59:40 +0000 [glados.localdomain 1945][Tera-WURFL] WARNING: I could not find the requested capability (is_smarttv), returning NULL
Fri, 20 May 2016 08:59:52 +0000 [glados.localdomain 6308][Tera-WURFL] WARNING: I could not find the requested capability (is_smarttv), returning NULL
Fri, 20 May 2016 08:59:52 +0000 [glados.localdomain 1941][Tera-WURFL] WARNING: I could not find the requested capability (is_smarttv), returning NULL
Fri, 20 May 2016 08:59:53 +0000 [glados.localdomain 6059][Tera-WURFL] WARNING: I could not find the requested capability (is_smarttv), returning NULL
Fri, 20 May 2016 08:59:53 +0000 [glados.localdomain 6308][Tera-WURFL] WARNING: I could not find the requested capability (is_smarttv), returning NULL
Fri, 20 May 2016 08:59:53 +0000 [glados.localdomain 1941][Tera-WURFL] WARNING: I could not find the requested capability (is_smarttv), returning NULL
Fri, 20 May 2016 08:59:54 +0000 [glados.localdomain 1945][Tera-WURFL] WARNING: I could not find the requested capability (is_smarttv), returning NULL
Fri, 20 May 2016 08:59:54 +0000 [glados.localdomain 1947][Tera-WURFL] WARNING: I could not find the requested capability (is_smarttv), returning NULL
Fri, 20 May 2016 08:59:55 +0000 [glados.localdomain 5682][Tera-WURFL] WARNING: I could not find the requested capability (is_smarttv), returning NULL
Fri, 20 May 2016 09:00:08 +0000 [glados.localdomain 5692][Tera-WURFL] WARNING: I could not find the requested capability (is_smarttv), returning NULL
Fri, 20 May 2016 09:00:09 +0000 [glados.localdomain 1941][Tera-WURFL] WARNING: I could not find the requested capability (is_smarttv), returning NULL
Fri, 20 May 2016 09:00:09 +0000 [glados.localdomain 6420][Tera-WURFL] WARNING: I could not find the requested capability (is_smarttv), returning NULL
Fri, 20 May 2016 09:00:10 +0000 [glados.localdomain 1945][Tera-WURFL] WARNING: I could not find the requested capability (is_smarttv), returning NULL
Fri, 20 May 2016 09:00:10 +0000 [glados.localdomain 6059][Tera-WURFL] WARNING: I could not find the requested capability (is_smarttv), returning NULL
Fri, 20 May 2016 09:00:10 +0000 [glados.localdomain 6308][Tera-WURFL] WARNING: I could not find the requested capability (is_smarttv), returning NULL
Fri, 20 May 2016 09:00:11 +0000 [glados.localdomain 5692][Tera-WURFL] WARNING: I could not find the requested capability (is_smarttv), returning NULL
Fri, 20 May 2016 09:00:11 +0000 [glados.localdomain 1941][Tera-WURFL] WARNING: I could not find the requested capability (is_smarttv), returning NULL
Fri, 20 May 2016 09:00:26 +0000 [glados.localdomain 5682][Tera-WURFL] WARNING: I could not find the requested capability (is_smarttv), returning NULL
Fri, 20 May 2016 09:00:29 +0000 [glados.localdomain 6107][Tera-WURFL] WARNING: I could not find the requested capability (is_smarttv), returning NULL
Fri, 20 May 2016 09:00:29 +0000 [glados.localdomain 5682][Tera-WURFL] WARNING: I could not find the requested capability (is_smarttv), returning NULL
Fri, 20 May 2016 09:00:29 +0000 [glados.localdomain 5699][Tera-WURFL] WARNING: I could not find the requested capability (is_smarttv), returning NULL
Fri, 20 May 2016 09:00:30 +0000 [glados.localdomain 6107][Tera-WURFL] WARNING: I could not find the requested capability (is_smarttv), returning NULL
Fri, 20 May 2016 09:00:30 +0000 [glados.localdomain 1945][Tera-WURFL] WARNING: I could not find the requested capability (is_smarttv), returning NULL
Fri, 20 May 2016 09:00:31 +0000 [glados.localdomain 5699][Tera-WURFL] WARNING: I could not find the requested capability (is_smarttv), returning NULL
Fri, 20 May 2016 09:00:31 +0000 [glados.localdomain 5699][Tera-WURFL] WARNING: I could not find the requested capability (is_smarttv), returning NULL
Fri, 20 May 2016 09:00:45 +0000 [glados.localdomain 6592][Tera-WURFL] WARNING: I could not find the requested capability (is_smarttv), returning NULL
Fri, 20 May 2016 09:00:54 +0000 [glados.localdomain 6487][Tera-WURFL] WARNING: I could not find the requested capability (is_smarttv), returning NULL
Fri, 20 May 2016 09:00:55 +0000 [glados.localdomain 6059][Tera-WURFL] WARNING: I could not find the requested capability (is_smarttv), returning NULL
Fri, 20 May 2016 09:00:55 +0000 [glados.localdomain 6420][Tera-WURFL] WARNING: I could not find the requested capability (is_smarttv), returning NULL
Fri, 20 May 2016 09:00:56 +0000 [glados.localdomain 6592][Tera-WURFL] WARNING: I could not find the requested capability (is_smarttv), returning NULL
Fri, 20 May 2016 09:00:56 +0000 [glados.localdomain 5682][Tera-WURFL] WARNING: I could not find the requested capability (is_smarttv), returning NULL
Fri, 20 May 2016 09:00:57 +0000 [glados.localdomain 6059][Tera-WURFL] WARNING: I could not find the requested capability (is_smarttv), returning NULL
Fri, 20 May 2016 09:00:57 +0000 [glados.localdomain 6420][Tera-WURFL] WARNING: I could not find the requested capability (is_smarttv), returning NULL
Fri, 20 May 2016 09:00:58 +0000 [glados.localdomain 6487][Tera-WURFL] WARNING: I could not find the requested capability (is_smarttv), returning NULL
Fri, 20 May 2016 09:00:58 +0000 [glados.localdomain 6107][Tera-WURFL] WARNING: I could not find the requested capability (is_smarttv), returning NULL
Fri, 20 May 2016 09:01:01 +0000 [glados.localdomain 6107][Tera-WURFL] WARNING: I could not find the requested capability (is_smarttv), returning NULL
Fri, 20 May 2016 09:01:03 +0000 [glados.localdomain 6487][Tera-WURFL] WARNING: I could not find the requested capability (is_smarttv), returning NULL
Fri, 20 May 2016 09:01:05 +0000 [glados.localdomain 5699][Tera-WURFL] WARNING: I could not find the requested capability (is_smarttv), returning NULL
Fri, 20 May 2016 09:01:07 +0000 [glados.localdomain 5699][Tera-WURFL] WARNING: I could not find the requested capability (is_smarttv), returning NULL
Fri, 20 May 2016 09:01:09 +0000 [glados.localdomain 5699][Tera-WURFL] WARNING: I could not find the requested capability (is_smarttv), returning NULL
Fri, 20 May 2016 09:01:11 +0000 [glados.localdomain 5699][Tera-WURFL] WARNING: I could not find the requested capability (is_smarttv), returning NULL
Fri, 20 May 2016 09:01:11 +0000 [glados.localdomain 6308][Tera-WURFL] WARNING: I could not find the requested capability (is_smarttv), returning NULL
Fri, 20 May 2016 09:01:13 +0000 [glados.localdomain 6308][Tera-WURFL] WARNING: I could not find the requested capability (is_smarttv), returning NULL
Fri, 20 May 2016 09:01:14 +0000 [glados.localdomain 6308][Tera-WURFL] WARNING: I could not find the requested capability (is_smarttv), returning NULL
Fri, 20 May 2016 09:01:16 +0000 [glados.localdomain 6308][Tera-WURFL] WARNING: I could not find the requested capability (is_smarttv), returning NULL
Fri, 20 May 2016 09:01:36 +0000 [glados.localdomain 6487][Tera-WURFL] WARNING: I could not find the requested capability (is_smarttv), returning NULL
Fri, 20 May 2016 09:01:38 +0000 [glados.localdomain 6487][Tera-WURFL] WARNING: I could not find the requested capability (is_smarttv), returning NULL
Fri, 20 May 2016 09:01:41 +0000 [glados.localdomain 6487][Tera-WURFL] WARNING: I could not find the requested capability (is_smarttv), returning NULL
Fri, 20 May 2016 09:01:42 +0000 [glados.localdomain 6487][Tera-WURFL] WARNING: I could not find the requested capability (is_smarttv), returning NULL
Fri, 20 May 2016 09:01:43 +0000 [glados.localdomain 6420][Tera-WURFL] WARNING: I could not find the requested capability (is_smarttv), returning NULL
Fri, 20 May 2016 09:01:58 +0000 [glados.localdomain 6107][Tera-WURFL] WARNING: I could not find the requested capability (is_smarttv), returning NULL
Fri, 20 May 2016 09:02:00 +0000 [glados.localdomain 6107][Tera-WURFL] WARNING: I could not find the requested capability (is_smarttv), returning NULL
Fri, 20 May 2016 09:02:02 +0000 [glados.localdomain 6107][Tera-WURFL] WARNING: I could not find the requested capability (is_smarttv), returning NULL
Fri, 20 May 2016 09:02:05 +0000 [glados.localdomain 6107][Tera-WURFL] WARNING: I could not find the requested capability (is_smarttv), returning NULL
Fri, 20 May 2016 09:02:08 +0000 [glados.localdomain 6107][Tera-WURFL] WARNING: I could not find the requested capability (is_smarttv), returning NULL
Fri, 20 May 2016 09:03:45 +0000 [glados.localdomain 6308][Tera-WURFL] WARNING: I could not find the requested capability (is_smarttv), returning NULL
Fri, 20 May 2016 09:03:46 +0000 [glados.localdomain 6308][Tera-WURFL] WARNING: I could not find the requested capability (is_smarttv), returning NULL
Fri, 20 May 2016 09:03:46 +0000 [glados.localdomain 5692][Tera-WURFL] WARNING: I could not find the requested capability (is_smarttv), returning NULL
Fri, 20 May 2016 09:03:47 +0000 [glados.localdomain 6107][Tera-WURFL] WARNING: I could not find the requested capability (is_smarttv), returning NULL
Fri, 20 May 2016 09:03:47 +0000 [glados.localdomain 6420][Tera-WURFL] WARNING: I could not find the requested capability (is_smarttv), returning NULL
Fri, 20 May 2016 09:03:47 +0000 [glados.localdomain 6107][Tera-WURFL] WARNING: I could not find the requested capability (is_smarttv), returning NULL
Fri, 20 May 2016 09:03:48 +0000 [glados.localdomain 5699][Tera-WURFL] WARNING: I could not find the requested capability (is_smarttv), returning NULL
Fri, 20 May 2016 09:03:48 +0000 [glados.localdomain 1945][Tera-WURFL] WARNING: I could not find the requested capability (is_smarttv), returning NULL
Fri, 20 May 2016 09:03:49 +0000 [glados.localdomain 5692][Tera-WURFL] WARNING: I could not find the requested capability (is_smarttv), returning NULL
Fri, 20 May 2016 09:03:49 +0000 [glados.localdomain 6308][Tera-WURFL] WARNING: I could not find the requested capability (is_smarttv), returning NULL
Fri, 20 May 2016 09:03:51 +0000 [glados.localdomain 5699][Tera-WURFL] WARNING: I could not find the requested capability (is_smarttv), returning NULL
Fri, 20 May 2016 09:03:51 +0000 [glados.localdomain 6420][Tera-WURFL] WARNING: I could not find the requested capability (is_smarttv), returning NULL
Fri, 20 May 2016 09:03:52 +0000 [glados.localdomain 6107][Tera-WURFL] WARNING: I could not find the requested capability (is_smarttv), returning NULL
Fri, 20 May 2016 09:03:52 +0000 [glados.localdomain 5699][Tera-WURFL] WARNING: I could not find the requested capability (is_smarttv), returning NULL
Fri, 20 May 2016 09:03:52 +0000 [glados.localdomain 5692][Tera-WURFL] WARNING: I could not find the requested capability (is_smarttv), returning NULL
Fri, 20 May 2016 09:03:53 +0000 [glados.localdomain 6420][Tera-WURFL] WARNING: I could not find the requested capability (is_smarttv), returning NULL
Fri, 20 May 2016 09:03:53 +0000 [glados.localdomain 6308][Tera-WURFL] WARNING: I could not find the requested capability (is_smarttv), returning NULL
Fri, 20 May 2016 09:03:58 +0000 [glados.localdomain 6308][Tera-WURFL] WARNING: I could not find the requested capability (is_smarttv), returning NULL
Fri, 20 May 2016 09:04:00 +0000 [glados.localdomain 6308][Tera-WURFL] WARNING: I could not find the requested capability (is_smarttv), returning NULL
Fri, 20 May 2016 09:04:03 +0000 [glados.localdomain 6308][Tera-WURFL] WARNING: I could not find the requested capability (is_smarttv), returning NULL
Fri, 20 May 2016 09:04:04 +0000 [glados.localdomain 5682][Tera-WURFL] WARNING: I could not find the requested capability (is_smarttv), returning NULL
Fri, 20 May 2016 09:04:05 +0000 [glados.localdomain 6308][Tera-WURFL] WARNING: I could not find the requested capability (is_smarttv), returning NULL
Fri, 20 May 2016 09:04:14 +0000 [glados.localdomain 6592][Tera-WURFL] WARNING: I could not find the requested capability (is_smarttv), returning NULL
Fri, 20 May 2016 09:04:16 +0000 [glados.localdomain 6836][Tera-WURFL] WARNING: I could not find the requested capability (is_smarttv), returning NULL
Fri, 20 May 2016 09:04:16 +0000 [glados.localdomain 6592][Tera-WURFL] WARNING: I could not find the requested capability (is_smarttv), returning NULL
Fri, 20 May 2016 09:04:20 +0000 [glados.localdomain 6836][Tera-WURFL] WARNING: I could not find the requested capability (is_smarttv), returning NULL
Fri, 20 May 2016 09:04:20 +0000 [glados.localdomain 6592][Tera-WURFL] WARNING: I could not find the requested capability (is_smarttv), returning NULL
Fri, 20 May 2016 09:04:32 +0000 [glados.localdomain 6933][Tera-WURFL] WARNING: I could not find the requested capability (is_smarttv), returning NULL
Fri, 20 May 2016 09:04:37 +0000 [glados.localdomain 6933][Tera-WURFL] WARNING: I could not find the requested capability (is_smarttv), returning NULL
Fri, 20 May 2016 09:04:42 +0000 [glados.localdomain 6933][Tera-WURFL] WARNING: I could not find the requested capability (is_smarttv), returning NULL
Fri, 20 May 2016 09:04:43 +0000 [glados.localdomain 6592][Tera-WURFL] WARNING: I could not find the requested capability (is_smarttv), returning NULL
Fri, 20 May 2016 09:04:43 +0000 [glados.localdomain 7009][Tera-WURFL] WARNING: I could not find the requested capability (is_smarttv), returning NULL
Fri, 20 May 2016 09:04:44 +0000 [glados.localdomain 6308][Tera-WURFL] WARNING: I could not find the requested capability (is_smarttv), returning NULL
Fri, 20 May 2016 09:04:44 +0000 [glados.localdomain 5692][Tera-WURFL] WARNING: I could not find the requested capability (is_smarttv), returning NULL
Fri, 20 May 2016 09:04:45 +0000 [glados.localdomain 6592][Tera-WURFL] WARNING: I could not find the requested capability (is_smarttv), returning NULL
Fri, 20 May 2016 09:04:45 +0000 [glados.localdomain 6836][Tera-WURFL] WARNING: I could not find the requested capability (is_smarttv), returning NULL
Fri, 20 May 2016 09:04:45 +0000 [glados.localdomain 6933][Tera-WURFL] WARNING: I could not find the requested capability (is_smarttv), returning NULL
Fri, 20 May 2016 09:05:04 +0000 [glados.localdomain 5699][Tera-WURFL] WARNING: I could not find the requested capability (is_smarttv), returning NULL
Fri, 20 May 2016 09:05:06 +0000 [glados.localdomain 1945][Tera-WURFL] WARNING: I could not find the requested capability (is_smarttv), returning NULL
Fri, 20 May 2016 09:05:07 +0000 [glados.localdomain 7009][Tera-WURFL] WARNING: I could not find the requested capability (is_smarttv), returning NULL
Fri, 20 May 2016 09:05:07 +0000 [glados.localdomain 5682][Tera-WURFL] WARNING: I could not find the requested capability (is_smarttv), returning NULL
Fri, 20 May 2016 09:05:07 +0000 [glados.localdomain 5699][Tera-WURFL] WARNING: I could not find the requested capability (is_smarttv), returning NULL
Fri, 20 May 2016 09:05:08 +0000 [glados.localdomain 7009][Tera-WURFL] WARNING: I could not find the requested capability (is_smarttv), returning NULL
Fri, 20 May 2016 09:05:08 +0000 [glados.localdomain 6107][Tera-WURFL] WARNING: I could not find the requested capability (is_smarttv), returning NULL
Fri, 20 May 2016 09:05:08 +0000 [glados.localdomain 1945][Tera-WURFL] WARNING: I could not find the requested capability (is_smarttv), returning NULL
Fri, 20 May 2016 09:05:09 +0000 [glados.localdomain 6308][Tera-WURFL] WARNING: I could not find the requested capability (is_smarttv), returning NULL
Fri, 20 May 2016 09:08:55 +0000 [glados.localdomain 6592][Tera-WURFL] WARNING: I could not find the requested capability (is_smarttv), returning NULL
Fri, 20 May 2016 09:10:10 +0000 [glados.localdomain 6836][Tera-WURFL] WARNING: I could not find the requested capability (is_smarttv), returning NULL
Fri, 20 May 2016 09:12:15 +0000 [glados.localdomain 6933][Tera-WURFL] WARNING: I could not find the requested capability (is_smarttv), returning NULL
Fri, 20 May 2016 09:12:18 +0000 [glados.localdomain 5682][Tera-WURFL] WARNING: I could not find the requested capability (is_smarttv), returning NULL
Fri, 20 May 2016 09:12:18 +0000 [glados.localdomain 6933][Tera-WURFL] WARNING: I could not find the requested capability (is_smarttv), returning NULL
Fri, 20 May 2016 09:12:18 +0000 [glados.localdomain 5699][Tera-WURFL] WARNING: I could not find the requested capability (is_smarttv), returning NULL
Fri, 20 May 2016 09:12:19 +0000 [glados.localdomain 5682][Tera-WURFL] WARNING: I could not find the requested capability (is_smarttv), returning NULL
Fri, 20 May 2016 09:17:21 +0000 [glados.localdomain 6308][Tera-WURFL] WARNING: I could not find the requested capability (is_smarttv), returning NULL
Fri, 20 May 2016 09:22:23 +0000 [glados.localdomain 6592][Tera-WURFL] WARNING: I could not find the requested capability (is_smarttv), returning NULL
Fri, 20 May 2016 09:27:25 +0000 [glados.localdomain 6836][Tera-WURFL] WARNING: I could not find the requested capability (is_smarttv), returning NULL
